<?xml version="1.0" encoding="UTF-8"?>
<testsuite name="com.example.data.ExampleUnitTest" tests="1" skipped="0" failures="0" errors="0" timestamp="2019-05-25T23:35:14" hostname="MX-IT01497" time="0.002">
  <properties/>
  <testcase name="addition_isCorrect" classname="com.example.data.ExampleUnitTest" time="0.002"/>
  <system-out><![CDATA[]]></system-out>
  <system-err><![CDATA[]]></system-err>
</testsuite>
